  buff_detect.cpp
c:\users\86184\desktop\task\parking lot (machine learning)\tornado destroys parking lot\tornado destroys parking lot\buff_detect.cpp(56): warning C4244: “初始化”: 从“double”转换到“float”，可能丢失数据
c:\users\86184\desktop\task\parking lot (machine learning)\tornado destroys parking lot\tornado destroys parking lot\buff_detect.cpp(102): warning C4267: “return”: 从“size_t”转换到“int”，可能丢失数据
c:\users\86184\desktop\task\parking lot (machine learning)\tornado destroys parking lot\tornado destroys parking lot\buff_detect.cpp(205): warning C4244: “=”: 从“float”转换到“int”，可能丢失数据
c:\users\86184\desktop\task\parking lot (machine learning)\tornado destroys parking lot\tornado destroys parking lot\buff_detect.cpp(206): warning C4244: “=”: 从“float”转换到“int”，可能丢失数据
  drawRect.cpp
  get_omega.cpp
c:\users\86184\desktop\task\parking lot (machine learning)\tornado destroys parking lot\tornado destroys parking lot\get_omega.cpp(13): warning C4244: “=”: 从“double”转换到“float”，可能丢失数据
c:\users\86184\desktop\task\parking lot (machine learning)\tornado destroys parking lot\tornado destroys parking lot\get_omega.cpp(79): warning C4244: “=”: 从“double”转换到“float”，可能丢失数据
c:\users\86184\desktop\task\parking lot (machine learning)\tornado destroys parking lot\tornado destroys parking lot\get_omega.cpp(103): warning C4244: “初始化”: 从“double”转换到“float”，可能丢失数据
c:\users\86184\desktop\task\parking lot (machine learning)\tornado destroys parking lot\tornado destroys parking lot\get_omega.cpp(104): warning C4244: “初始化”: 从“double”转换到“float”，可能丢失数据
c:\users\86184\desktop\task\parking lot (machine learning)\tornado destroys parking lot\tornado destroys parking lot\get_omega.cpp(125): warning C4244: “=”: 从“double”转换到“_Tp”，可能丢失数据
          with
          [
              _Tp=float
          ]
c:\users\86184\desktop\task\parking lot (machine learning)\tornado destroys parking lot\tornado destroys parking lot\get_omega.cpp(126): warning C4244: “=”: 从“double”转换到“_Tp”，可能丢失数据
          with
          [
              _Tp=float
          ]
c:\users\86184\desktop\task\parking lot (machine learning)\tornado destroys parking lot\tornado destroys parking lot\get_omega.cpp(131): warning C4244: “=”: 从“double”转换到“_Tp”，可能丢失数据
          with
          [
              _Tp=float
          ]
c:\users\86184\desktop\task\parking lot (machine learning)\tornado destroys parking lot\tornado destroys parking lot\get_omega.cpp(132): warning C4244: “=”: 从“double”转换到“_Tp”，可能丢失数据
          with
          [
              _Tp=float
          ]
c:\users\86184\desktop\task\parking lot (machine learning)\tornado destroys parking lot\tornado destroys parking lot\get_omega.cpp(147): warning C4244: “参数”: 从“float”转换到“_Tp”，可能丢失数据
          with
          [
              _Tp=int
          ]
c:\users\86184\desktop\task\parking lot (machine learning)\tornado destroys parking lot\tornado destroys parking lot\get_omega.cpp(148): warning C4244: “参数”: 从“float”转换到“_Tp”，可能丢失数据
          with
          [
              _Tp=int
          ]
  main.cpp
c:\users\86184\desktop\task\parking lot (machine learning)\tornado destroys parking lot\tornado destroys parking lot\main.cpp(18): warning C4244: “=”: 从“double”转换到“int”，可能丢失数据
c:\users\86184\desktop\task\parking lot (machine learning)\tornado destroys parking lot\tornado destroys parking lot\main.cpp(19): warning C4244: “=”: 从“double”转换到“int”，可能丢失数据
c:\users\86184\desktop\task\parking lot (machine learning)\tornado destroys parking lot\tornado destroys parking lot\main.cpp(62): warning C4244: “=”: 从“double”转换到“float”，可能丢失数据
  正在生成代码...
buff_detect.obj : error LNK2019: 无法解析的外部符号 "class cv::debug_build_guard::_InputOutputArray const & __cdecl cv::noArray(void)" (?noArray@cv@@YAAEBV_InputOutputArray@debug_build_guard@1@XZ)，该符号在函数 "public: void __cdecl buff_detect::machineLearning(class cv::Mat,class std::vector<class cv::RotatedRect,class std::allocator<class cv::RotatedRect> >,class std::vector<class cv::RotatedRect,class std::allocator<class cv::RotatedRect> > &,struct cv::Ptr<class cv::ml::SVM>)" (?machineLearning@buff_detect@@QEAAXVMat@cv@@V?$vector@VRotatedRect@cv@@V?$allocator@VRotatedRect@cv@@@std@@@std@@AEAV45@U?$Ptr@VSVM@ml@cv@@@3@@Z) 中被引用
buff_detect.obj : error LNK2019: 无法解析的外部符号 "public: void __cdecl cv::Mat::convertTo(class cv::debug_build_guard::_OutputArray const &,int,double,double)const " (?convertTo@Mat@cv@@QEBAXAEBV_OutputArray@debug_build_guard@2@HNN@Z)，该符号在函数 "public: void __cdecl buff_detect::machineLearning(class cv::Mat,class std::vector<class cv::RotatedRect,class std::allocator<class cv::RotatedRect> >,class std::vector<class cv::RotatedRect,class std::allocator<class cv::RotatedRect> > &,struct cv::Ptr<class cv::ml::SVM>)" (?machineLearning@buff_detect@@QEAAXVMat@cv@@V?$vector@VRotatedRect@cv@@V?$allocator@VRotatedRect@cv@@@std@@@std@@AEAV45@U?$Ptr@VSVM@ml@cv@@@3@@Z) 中被引用
buff_detect.obj : error LNK2019: 无法解析的外部符号 "void __cdecl cv::imshow(class std::basic_string<char,struct std::char_traits<char>,class std::allocator<char> > const &,class cv::debug_build_guard::_InputArray const &)" (?imshow@cv@@YAXAEBV?$basic_string@DU?$char_traits@D@std@@V?$allocator@D@2@@std@@AEBV_InputArray@debug_build_guard@1@@Z)，该符号在函数 "public: void __cdecl buff_detect::get_energy_center(class cv::Mat,class cv::RotatedRect,class cv::RotatedRect,class std::vector<class cv::RotatedRect,class std::allocator<class cv::RotatedRect> >,class std::vector<class cv::RotatedRect,class std::allocator<class cv::RotatedRect> > &)" (?get_energy_center@buff_detect@@QEAAXVMat@cv@@VRotatedRect@3@1V?$vector@VRotatedRect@cv@@V?$allocator@VRotatedRect@cv@@@std@@@std@@AEAV56@@Z) 中被引用
main.obj : error LNK2001: 无法解析的外部符号 "void __cdecl cv::imshow(class std::basic_string<char,struct std::char_traits<char>,class std::allocator<char> > const &,class cv::debug_build_guard::_InputArray const &)" (?imshow@cv@@YAXAEBV?$basic_string@DU?$char_traits@D@std@@V?$allocator@D@2@@std@@AEBV_InputArray@debug_build_guard@1@@Z)
buff_detect.obj : error LNK2019: 无法解析的外部符号 "void __cdecl cv::medianBlur(class cv::debug_build_guard::_InputArray const &,class cv::debug_build_guard::_OutputArray const &,int)" (?medianBlur@cv@@YAXAEBV_InputArray@debug_build_guard@1@AEBV_OutputArray@31@H@Z)，该符号在函数 "public: void __cdecl buff_detect::buff_detection(class cv::Mat &,class cv::Mat &,class std::vector<class cv::RotatedRect,class std::allocator<class cv::RotatedRect> > &,class std::vector<class cv::RotatedRect,class std::allocator<class cv::RotatedRect> > &)" (?buff_detection@buff_detect@@QEAAXAEAVMat@cv@@0AEAV?$vector@VRotatedRect@cv@@V?$allocator@VRotatedRect@cv@@@std@@@std@@1@Z) 中被引用
buff_detect.obj : error LNK2019: 无法解析的外部符号 "void __cdecl cv::erode(class cv::debug_build_guard::_InputArray const &,class cv::debug_build_guard::_OutputArray const &,class cv::debug_build_guard::_InputArray const &,class cv::Point_<int>,int,int,class cv::Scalar_<double> const &)" (?erode@cv@@YAXAEBV_InputArray@debug_build_guard@1@AEBV_OutputArray@31@0V?$Point_@H@1@HHAEBV?$Scalar_@N@1@@Z)，该符号在函数 "public: void __cdecl buff_detect::buff_detection(class cv::Mat &,class cv::Mat &,class std::vector<class cv::RotatedRect,class std::allocator<class cv::RotatedRect> > &,class std::vector<class cv::RotatedRect,class std::allocator<class cv::RotatedRect> > &)" (?buff_detection@buff_detect@@QEAAXAEAVMat@cv@@0AEAV?$vector@VRotatedRect@cv@@V?$allocator@VRotatedRect@cv@@@std@@@std@@1@Z) 中被引用
buff_detect.obj : error LNK2019: 无法解析的外部符号 "void __cdecl cv::dilate(class cv::debug_build_guard::_InputArray const &,class cv::debug_build_guard::_OutputArray const &,class cv::debug_build_guard::_InputArray const &,class cv::Point_<int>,int,int,class cv::Scalar_<double> const &)" (?dilate@cv@@YAXAEBV_InputArray@debug_build_guard@1@AEBV_OutputArray@31@0V?$Point_@H@1@HHAEBV?$Scalar_@N@1@@Z)，该符号在函数 "public: void __cdecl buff_detect::buff_detection(class cv::Mat &,class cv::Mat &,class std::vector<class cv::RotatedRect,class std::allocator<class cv::RotatedRect> > &,class std::vector<class cv::RotatedRect,class std::allocator<class cv::RotatedRect> > &)" (?buff_detection@buff_detect@@QEAAXAEAVMat@cv@@0AEAV?$vector@VRotatedRect@cv@@V?$allocator@VRotatedRect@cv@@@std@@@std@@1@Z) 中被引用
buff_detect.obj : error LNK2019: 无法解析的外部符号 "void __cdecl cv::resize(class cv::debug_build_guard::_InputArray const &,class cv::debug_build_guard::_OutputArray const &,class cv::Size_<int>,double,double,int)" (?resize@cv@@YAXAEBV_InputArray@debug_build_guard@1@AEBV_OutputArray@31@V?$Size_@H@1@NNH@Z)，该符号在函数 "public: void __cdecl buff_detect::machineLearning(class cv::Mat,class std::vector<class cv::RotatedRect,class std::allocator<class cv::RotatedRect> >,class std::vector<class cv::RotatedRect,class std::allocator<class cv::RotatedRect> > &,struct cv::Ptr<class cv::ml::SVM>)" (?machineLearning@buff_detect@@QEAAXVMat@cv@@V?$vector@VRotatedRect@cv@@V?$allocator@VRotatedRect@cv@@@std@@@std@@AEAV45@U?$Ptr@VSVM@ml@cv@@@3@@Z) 中被引用
buff_detect.obj : error LNK2019: 无法解析的外部符号 "void __cdecl cv::cvtColor(class cv::debug_build_guard::_InputArray const &,class cv::debug_build_guard::_OutputArray const &,int,int)" (?cvtColor@cv@@YAXAEBV_InputArray@debug_build_guard@1@AEBV_OutputArray@31@HH@Z)，该符号在函数 "public: void __cdecl buff_detect::machineLearning(class cv::Mat,class std::vector<class cv::RotatedRect,class std::allocator<class cv::RotatedRect> >,class std::vector<class cv::RotatedRect,class std::allocator<class cv::RotatedRect> > &,struct cv::Ptr<class cv::ml::SVM>)" (?machineLearning@buff_detect@@QEAAXVMat@cv@@V?$vector@VRotatedRect@cv@@V?$allocator@VRotatedRect@cv@@@std@@@std@@AEAV45@U?$Ptr@VSVM@ml@cv@@@3@@Z) 中被引用
buff_detect.obj : error LNK2019: 无法解析的外部符号 "void __cdecl cv::findContours(class cv::debug_build_guard::_InputArray const &,class cv::debug_build_guard::_OutputArray const &,class cv::debug_build_guard::_OutputArray const &,int,int,class cv::Point_<int>)" (?findContours@cv@@YAXAEBV_InputArray@debug_build_guard@1@AEBV_OutputArray@31@1HHV?$Point_@H@1@@Z)，该符号在函数 "public: void __cdecl buff_detect::buff_detection(class cv::Mat &,class cv::Mat &,class std::vector<class cv::RotatedRect,class std::allocator<class cv::RotatedRect> > &,class std::vector<class cv::RotatedRect,class std::allocator<class cv::RotatedRect> > &)" (?buff_detection@buff_detect@@QEAAXAEAVMat@cv@@0AEAV?$vector@VRotatedRect@cv@@V?$allocator@VRotatedRect@cv@@@std@@@std@@1@Z) 中被引用
buff_detect.obj : error LNK2019: 无法解析的外部符号 "class cv::RotatedRect __cdecl cv::fitEllipse(class cv::debug_build_guard::_InputArray const &)" (?fitEllipse@cv@@YA?AVRotatedRect@1@AEBV_InputArray@debug_build_guard@1@@Z)，该符号在函数 "public: void __cdecl buff_detect::buff_detection(class cv::Mat &,class cv::Mat &,class std::vector<class cv::RotatedRect,class std::allocator<class cv::RotatedRect> > &,class std::vector<class cv::RotatedRect,class std::allocator<class cv::RotatedRect> > &)" (?buff_detection@buff_detect@@QEAAXAEAVMat@cv@@0AEAV?$vector@VRotatedRect@cv@@V?$allocator@VRotatedRect@cv@@@std@@@std@@1@Z) 中被引用
drawRect.obj : error LNK2019: 无法解析的外部符号 "void __cdecl cv::line(class cv::debug_build_guard::_InputOutputArray const &,class cv::Point_<int>,class cv::Point_<int>,class cv::Scalar_<double> const &,int,int,int)" (?line@cv@@YAXAEBV_InputOutputArray@debug_build_guard@1@V?$Point_@H@1@1AEBV?$Scalar_@N@1@HHH@Z)，该符号在函数 "public: void __cdecl drawbox::drawBoxBlue(class cv::RotatedRect,class cv::Mat &)" (?drawBoxBlue@drawbox@@QEAAXVRotatedRect@cv@@AEAVMat@3@@Z) 中被引用
get_omega.obj : error LNK2001: 无法解析的外部符号 "void __cdecl cv::line(class cv::debug_build_guard::_InputOutputArray const &,class cv::Point_<int>,class cv::Point_<int>,class cv::Scalar_<double> const &,int,int,int)" (?line@cv@@YAXAEBV_InputOutputArray@debug_build_guard@1@V?$Point_@H@1@1AEBV?$Scalar_@N@1@HHH@Z)
get_omega.obj : error LNK2019: 无法解析的外部符号 "void __cdecl cv::circle(class cv::debug_build_guard::_InputOutputArray const &,class cv::Point_<int>,int,class cv::Scalar_<double> const &,int,int,int)" (?circle@cv@@YAXAEBV_InputOutputArray@debug_build_guard@1@V?$Point_@H@1@HAEBV?$Scalar_@N@1@HHH@Z)，该符号在函数 "public: void __cdecl get_omega::forecast(class cv::Mat &,int,float,struct logo)" (?forecast@get_omega@@QEAAXAEAVMat@cv@@HMUlogo@@@Z) 中被引用
main.obj : error LNK2019: 无法解析的外部符号 "public: void __cdecl cv::Mat::copyTo(class cv::debug_build_guard::_OutputArray const &)const " (?copyTo@Mat@cv@@QEBAXAEBV_OutputArray@debug_build_guard@2@@Z)，该符号在函数 "void __cdecl energy(class cv::VideoCapture)" (?energy@@YAXVVideoCapture@cv@@@Z) 中被引用
main.obj : error LNK2001: 无法解析的外部符号 "public: virtual bool __cdecl cv::VideoCapture::retrieve(class cv::debug_build_guard::_OutputArray const &,int)" (?retrieve@VideoCapture@cv@@UEAA_NAEBV_OutputArray@debug_build_guard@2@H@Z)
main.obj : error LNK2001: 无法解析的外部符号 "public: virtual bool __cdecl cv::VideoCapture::read(class cv::debug_build_guard::_OutputArray const &)" (?read@VideoCapture@cv@@UEAA_NAEBV_OutputArray@debug_build_guard@2@@Z)
C:\Users\86184\Desktop\task\parking lot (machine learning)\Tornado destroys parking lot\x64\Debug\Tornado destroys parking lot.exe : fatal error LNK1120: 15 个无法解析的外部命令
