  get_omega.cpp
c:\users\86184\desktop\my\tornado destroys parking lot\tornado destroys parking lot\get_omega.h(38): warning C4244: “参数”: 从“double”转换到“float”，可能丢失数据
c:\users\86184\desktop\my\tornado destroys parking lot\tornado destroys parking lot\get_omega.h(39): warning C4244: “参数”: 从“double”转换到“float”，可能丢失数据
c:\users\86184\desktop\my\tornado destroys parking lot\tornado destroys parking lot\get_omega.h(39): warning C4244: “=”: 从“double”转换到“float”，可能丢失数据
c:\users\86184\desktop\my\tornado destroys parking lot\tornado destroys parking lot\get_omega.h(41): warning C4244: “return”: 从“double”转换到“float”，可能丢失数据
c:\users\86184\desktop\my\tornado destroys parking lot\tornado destroys parking lot\get_omega.cpp(35): warning C4244: “=”: 从“double”转换到“float”，可能丢失数据
c:\users\86184\desktop\my\tornado destroys parking lot\tornado destroys parking lot\get_omega.cpp(38): warning C4244: “=”: 从“double”转换到“float”，可能丢失数据
c:\users\86184\desktop\my\tornado destroys parking lot\tornado destroys parking lot\get_omega.cpp(46): warning C4244: “=”: 从“double”转换到“float”，可能丢失数据
c:\users\86184\desktop\my\tornado destroys parking lot\tornado destroys parking lot\get_omega.cpp(66): warning C4244: “初始化”: 从“double”转换到“float”，可能丢失数据
c:\users\86184\desktop\my\tornado destroys parking lot\tornado destroys parking lot\get_omega.cpp(67): warning C4244: “初始化”: 从“double”转换到“float”，可能丢失数据
c:\users\86184\desktop\my\tornado destroys parking lot\tornado destroys parking lot\get_omega.cpp(86): warning C4244: “=”: 从“double”转换到“_Tp”，可能丢失数据
          with
          [
              _Tp=float
          ]
c:\users\86184\desktop\my\tornado destroys parking lot\tornado destroys parking lot\get_omega.cpp(87): warning C4244: “=”: 从“double”转换到“_Tp”，可能丢失数据
          with
          [
              _Tp=float
          ]
c:\users\86184\desktop\my\tornado destroys parking lot\tornado destroys parking lot\get_omega.cpp(92): warning C4244: “=”: 从“double”转换到“_Tp”，可能丢失数据
          with
          [
              _Tp=float
          ]
c:\users\86184\desktop\my\tornado destroys parking lot\tornado destroys parking lot\get_omega.cpp(93): warning C4244: “=”: 从“double”转换到“_Tp”，可能丢失数据
          with
          [
              _Tp=float
          ]
c:\users\86184\desktop\my\tornado destroys parking lot\tornado destroys parking lot\get_omega.cpp(108): warning C4244: “参数”: 从“float”转换到“_Tp”，可能丢失数据
          with
          [
              _Tp=int
          ]
c:\users\86184\desktop\my\tornado destroys parking lot\tornado destroys parking lot\get_omega.cpp(109): warning C4244: “参数”: 从“float”转换到“_Tp”，可能丢失数据
          with
          [
              _Tp=int
          ]
  main.cpp
c:\users\86184\desktop\my\tornado destroys parking lot\tornado destroys parking lot\get_omega.h(38): warning C4244: “参数”: 从“double”转换到“float”，可能丢失数据
c:\users\86184\desktop\my\tornado destroys parking lot\tornado destroys parking lot\get_omega.h(39): warning C4244: “参数”: 从“double”转换到“float”，可能丢失数据
c:\users\86184\desktop\my\tornado destroys parking lot\tornado destroys parking lot\get_omega.h(39): warning C4244: “=”: 从“double”转换到“float”，可能丢失数据
c:\users\86184\desktop\my\tornado destroys parking lot\tornado destroys parking lot\get_omega.h(41): warning C4244: “return”: 从“double”转换到“float”，可能丢失数据
c:\users\86184\desktop\my\tornado destroys parking lot\tornado destroys parking lot\main.cpp(16): warning C4244: “=”: 从“double”转换到“int”，可能丢失数据
c:\users\86184\desktop\my\tornado destroys parking lot\tornado destroys parking lot\main.cpp(17): warning C4244: “=”: 从“double”转换到“int”，可能丢失数据
c:\users\86184\desktop\my\tornado destroys parking lot\tornado destroys parking lot\main.cpp(62): warning C4244: “=”: 从“double”转换到“float”，可能丢失数据
  正在生成代码
  1 of 586 functions ( 0.2%) were compiled, the rest were copied from previous compilation.
    0 functions were new in current compilation
    1 functions had inline decision re-evaluated but remain unchanged
  已完成代码的生成
  Tornado destroys parking lot.vcxproj -> C:\Users\86184\Desktop\my\Tornado destroys parking lot\x64\Release\Tornado destroys parking lot.exe
